<?xml version="1.0" encoding="UTF-8"?>
<testsuites name="jest tests" tests="1" failures="0" errors="0" time="2.736">
  <testsuite name="jupyterlab-color-picker" errors="0" failures="0" skipped="0" timestamp="2024-04-13T18:22:53" time="2.407" tests="1">
    <testcase classname="jupyterlab-color-picker should be tested" name="jupyterlab-color-picker should be tested" time="0.003">
    </testcase>
  </testsuite>
</testsuites>